# project  configured on Sat Jun 13 09:58:12 2015 by
# waf 1.7.11 (abi 98, python 20709f0 on darwin)
# using /Users/James/pebble-dev/PebbleSDK-3.0/Pebble/waf configure build
#
----------------------------------------
Setting top to
/Users/James/development workspaces/pebble/Tetris-PebbleTime
----------------------------------------
Setting out to
/Users/James/development workspaces/pebble/Tetris-PebbleTime/build
----------------------------------------
Found Pebble SDK for basalt in:
/Users/James/pebble-dev/PebbleSDK-3.0/Pebble/basalt
----------------------------------------
Checking for program gcc,cc
arm-none-eabi-gcc
find program=['gcc', 'cc'] paths='' var='CC' -> 'arm-none-eabi-gcc'
----------------------------------------
Checking for program ar
arm-none-eabi-ar
find program=['ar'] paths='' var='AR' -> 'arm-none-eabi-ar'
